2022-07-11 11:14:37.878  INFO 9416 --- [main] c.h.g.GatheringProjectApplication        : Starting GatheringProjectApplication using Java 9.0.4 on DESKTOP-TSRTILN with PID 9416 (D:\gathering-dreams\gathering-project\target\classes started by 11601 in D:\gathering-dreams)
2022-07-11 11:14:37.884  INFO 9416 --- [main] c.h.g.GatheringProjectApplication        : The following 3 profiles are active: "default", "dfDB", "dfDefaultAddress"
2022-07-11 11:14:38.676  INFO 9416 --- [main] .s.d.r.c.RepositoryConfigurationDelegate : Multiple Spring Data modules found, entering strict repository configuration mode
2022-07-11 11:14:38.678  INFO 9416 --- [main] .s.d.r.c.RepositoryConfigurationDelegate : Bootstrapping Spring Data Redis repositories in DEFAULT mode.
2022-07-11 11:14:38.703  INFO 9416 --- [main] .s.d.r.c.RepositoryConfigurationDelegate : Finished Spring Data repository scanning in 9 ms. Found 0 Redis repository interfaces.
2022-07-11 11:14:39.161  INFO 9416 --- [main] o.s.b.w.embedded.tomcat.TomcatWebServer  : Tomcat initialized with port(s): 80 (http)
2022-07-11 11:14:39.169  INFO 9416 --- [main] o.apache.catalina.core.StandardService   : Starting service [Tomcat]
2022-07-11 11:14:39.170  INFO 9416 --- [main] org.apache.catalina.core.StandardEngine  : Starting Servlet engine: [Apache Tomcat/9.0.64]
2022-07-11 11:14:39.307  INFO 9416 --- [main] o.a.c.c.C.[Tomcat].[localhost].[/]       : Initializing Spring embedded WebApplicationContext
2022-07-11 11:14:39.307  INFO 9416 --- [main] w.s.c.ServletWebServerApplicationContext : Root WebApplicationContext: initialization completed in 1371 ms
2022-07-11 11:14:39.771  INFO 9416 --- [main] com.alibaba.druid.pool.DruidDataSource   : {dataSource-1} inited
2022-07-11 11:14:41.475  INFO 9416 --- [main] o.s.b.w.embedded.tomcat.TomcatWebServer  : Tomcat started on port(s): 80 (http) with context path ''
2022-07-11 11:14:41.485  INFO 9416 --- [main] c.h.g.GatheringProjectApplication        : Started GatheringProjectApplication in 4.105 seconds (JVM running for 5.257)
2022-07-11 11:20:24.737  INFO 9416 --- [http-nio-80-exec-1] o.a.c.c.C.[Tomcat].[localhost].[/]       : Initializing Spring DispatcherServlet 'dispatcherServlet'
2022-07-11 11:20:24.738  INFO 9416 --- [http-nio-80-exec-1] o.s.web.servlet.DispatcherServlet        : Initializing Servlet 'dispatcherServlet'
2022-07-11 11:20:24.739  INFO 9416 --- [http-nio-80-exec-1] o.s.web.servlet.DispatcherServlet        : Completed initialization in 1 ms
2022-07-11 11:20:25.069  WARN 9416 --- [http-nio-80-exec-1] o.a.c.util.SessionIdGeneratorBase        : Creation of SecureRandom instance for session ID generation using [SHA1PRNG] took [271] milliseconds.
2022-07-11 11:20:25.802  WARN 9416 --- [http-nio-80-exec-1] c.h.g.service.impl.UserServiceImpl       : 发送短信验证成功,验证码608337
2022-07-11 11:20:51.186  WARN 9416 --- [http-nio-80-exec-6] c.h.g.service.impl.UserServiceImpl       : 608337
2022-07-11 11:51:01.182  INFO 1220 --- [main] c.h.g.GatheringProjectApplication        : Starting GatheringProjectApplication using Java 9.0.4 on DESKTOP-TSRTILN with PID 1220 (D:\gathering-dreams\gathering-project\target\classes started by 11601 in D:\gathering-dreams)
2022-07-11 11:51:01.184  INFO 1220 --- [main] c.h.g.GatheringProjectApplication        : The following 3 profiles are active: "default", "dfDB", "dfDefaultAddress"
2022-07-11 11:51:01.749  INFO 1220 --- [main] .s.d.r.c.RepositoryConfigurationDelegate : Multiple Spring Data modules found, entering strict repository configuration mode
2022-07-11 11:51:01.750  INFO 1220 --- [main] .s.d.r.c.RepositoryConfigurationDelegate : Bootstrapping Spring Data Redis repositories in DEFAULT mode.
2022-07-11 11:51:01.766  INFO 1220 --- [main] .s.d.r.c.RepositoryConfigurationDelegate : Finished Spring Data repository scanning in 7 ms. Found 0 Redis repository interfaces.
2022-07-11 11:51:02.148  INFO 1220 --- [main] o.s.b.w.embedded.tomcat.TomcatWebServer  : Tomcat initialized with port(s): 80 (http)
2022-07-11 11:51:02.159  INFO 1220 --- [main] o.apache.catalina.core.StandardService   : Starting service [Tomcat]
2022-07-11 11:51:02.159  INFO 1220 --- [main] org.apache.catalina.core.StandardEngine  : Starting Servlet engine: [Apache Tomcat/9.0.64]
2022-07-11 11:51:02.254  INFO 1220 --- [main] o.a.c.c.C.[Tomcat].[localhost].[/]       : Initializing Spring embedded WebApplicationContext
2022-07-11 11:51:02.254  INFO 1220 --- [main] w.s.c.ServletWebServerApplicationContext : Root WebApplicationContext: initialization completed in 1020 ms
2022-07-11 11:51:03.024  INFO 1220 --- [main] com.alibaba.druid.pool.DruidDataSource   : {dataSource-1} inited
2022-07-11 11:51:03.504  INFO 1220 --- [main] o.s.b.w.embedded.tomcat.TomcatWebServer  : Tomcat started on port(s): 80 (http) with context path ''
2022-07-11 11:51:03.514  INFO 1220 --- [main] c.h.g.GatheringProjectApplication        : Started GatheringProjectApplication in 2.762 seconds (JVM running for 3.749)
2022-07-11 11:51:30.910  INFO 1220 --- [http-nio-80-exec-1] o.a.c.c.C.[Tomcat].[localhost].[/]       : Initializing Spring DispatcherServlet 'dispatcherServlet'
2022-07-11 11:51:30.910  INFO 1220 --- [http-nio-80-exec-1] o.s.web.servlet.DispatcherServlet        : Initializing Servlet 'dispatcherServlet'
2022-07-11 11:51:30.910  INFO 1220 --- [http-nio-80-exec-1] o.s.web.servlet.DispatcherServlet        : Completed initialization in 0 ms
2022-07-11 11:53:12.790  INFO 7416 --- [main] c.h.g.GatheringProjectApplication        : Starting GatheringProjectApplication using Java 9.0.4 on DESKTOP-TSRTILN with PID 7416 (D:\gathering-dreams\gathering-project\target\classes started by 11601 in D:\gathering-dreams)
2022-07-11 11:53:12.792  INFO 7416 --- [main] c.h.g.GatheringProjectApplication        : The following 3 profiles are active: "default", "dfDB", "dfDefaultAddress"
2022-07-11 11:53:13.344  INFO 7416 --- [main] .s.d.r.c.RepositoryConfigurationDelegate : Multiple Spring Data modules found, entering strict repository configuration mode
2022-07-11 11:53:13.345  INFO 7416 --- [main] .s.d.r.c.RepositoryConfigurationDelegate : Bootstrapping Spring Data Redis repositories in DEFAULT mode.
2022-07-11 11:53:13.361  INFO 7416 --- [main] .s.d.r.c.RepositoryConfigurationDelegate : Finished Spring Data repository scanning in 7 ms. Found 0 Redis repository interfaces.
2022-07-11 11:53:44.549  INFO 4324 --- [main] c.h.g.GatheringProjectApplication        : Starting GatheringProjectApplication using Java 9.0.4 on DESKTOP-TSRTILN with PID 4324 (D:\gathering-dreams\gathering-project\target\classes started by 11601 in D:\gathering-dreams)
2022-07-11 11:53:44.552  INFO 4324 --- [main] c.h.g.GatheringProjectApplication        : The following 3 profiles are active: "default", "dfDB", "dfDefaultAddress"
2022-07-11 11:53:45.113  INFO 4324 --- [main] .s.d.r.c.RepositoryConfigurationDelegate : Multiple Spring Data modules found, entering strict repository configuration mode
2022-07-11 11:53:45.114  INFO 4324 --- [main] .s.d.r.c.RepositoryConfigurationDelegate : Bootstrapping Spring Data Redis repositories in DEFAULT mode.
2022-07-11 11:53:45.132  INFO 4324 --- [main] .s.d.r.c.RepositoryConfigurationDelegate : Finished Spring Data repository scanning in 7 ms. Found 0 Redis repository interfaces.
2022-07-11 11:53:45.532  INFO 4324 --- [main] o.s.b.w.embedded.tomcat.TomcatWebServer  : Tomcat initialized with port(s): 80 (http)
2022-07-11 11:53:45.540  INFO 4324 --- [main] o.apache.catalina.core.StandardService   : Starting service [Tomcat]
2022-07-11 11:53:45.540  INFO 4324 --- [main] org.apache.catalina.core.StandardEngine  : Starting Servlet engine: [Apache Tomcat/9.0.64]
2022-07-11 11:53:45.635  INFO 4324 --- [main] o.a.c.c.C.[Tomcat].[localhost].[/]       : Initializing Spring embedded WebApplicationContext
2022-07-11 11:53:45.636  INFO 4324 --- [main] w.s.c.ServletWebServerApplicationContext : Root WebApplicationContext: initialization completed in 1040 ms
2022-07-11 11:53:46.399  INFO 4324 --- [main] com.alibaba.druid.pool.DruidDataSource   : {dataSource-1} inited
2022-07-11 11:53:46.846  INFO 4324 --- [main] o.s.b.w.embedded.tomcat.TomcatWebServer  : Tomcat started on port(s): 80 (http) with context path ''
2022-07-11 11:53:46.854  INFO 4324 --- [main] c.h.g.GatheringProjectApplication        : Started GatheringProjectApplication in 2.716 seconds (JVM running for 3.64)
2022-07-11 11:53:55.513  INFO 4324 --- [http-nio-80-exec-1] o.a.c.c.C.[Tomcat].[localhost].[/]       : Initializing Spring DispatcherServlet 'dispatcherServlet'
2022-07-11 11:53:55.513  INFO 4324 --- [http-nio-80-exec-1] o.s.web.servlet.DispatcherServlet        : Initializing Servlet 'dispatcherServlet'
2022-07-11 11:53:55.514  INFO 4324 --- [http-nio-80-exec-1] o.s.web.servlet.DispatcherServlet        : Completed initialization in 1 ms
2022-07-11 11:53:55.543  WARN 4324 --- [http-nio-80-exec-1] c.h.g.i.RefreshTokenInterceptor          : ------------RefreshTokenInterceptor------------
2022-07-11 11:57:53.443  INFO 7592 --- [main] c.h.g.GatheringProjectApplication        : Starting GatheringProjectApplication using Java 9.0.4 on DESKTOP-TSRTILN with PID 7592 (D:\gathering-dreams\gathering-project\target\classes started by 11601 in D:\gathering-dreams)
2022-07-11 11:57:53.446  INFO 7592 --- [main] c.h.g.GatheringProjectApplication        : The following 3 profiles are active: "default", "dfDB", "dfDefaultAddress"
2022-07-11 11:57:53.973  INFO 7592 --- [main] .s.d.r.c.RepositoryConfigurationDelegate : Multiple Spring Data modules found, entering strict repository configuration mode
2022-07-11 11:57:53.975  INFO 7592 --- [main] .s.d.r.c.RepositoryConfigurationDelegate : Bootstrapping Spring Data Redis repositories in DEFAULT mode.
2022-07-11 11:57:53.991  INFO 7592 --- [main] .s.d.r.c.RepositoryConfigurationDelegate : Finished Spring Data repository scanning in 7 ms. Found 0 Redis repository interfaces.
2022-07-11 11:57:54.402  INFO 7592 --- [main] o.s.b.w.embedded.tomcat.TomcatWebServer  : Tomcat initialized with port(s): 80 (http)
2022-07-11 11:57:54.410  INFO 7592 --- [main] o.apache.catalina.core.StandardService   : Starting service [Tomcat]
2022-07-11 11:57:54.410  INFO 7592 --- [main] org.apache.catalina.core.StandardEngine  : Starting Servlet engine: [Apache Tomcat/9.0.64]
2022-07-11 11:57:54.508  INFO 7592 --- [main] o.a.c.c.C.[Tomcat].[localhost].[/]       : Initializing Spring embedded WebApplicationContext
2022-07-11 11:57:54.509  INFO 7592 --- [main] w.s.c.ServletWebServerApplicationContext : Root WebApplicationContext: initialization completed in 1021 ms
2022-07-11 11:57:55.298  INFO 7592 --- [main] com.alibaba.druid.pool.DruidDataSource   : {dataSource-1} inited
2022-07-11 11:57:55.807  INFO 7592 --- [main] o.s.b.w.embedded.tomcat.TomcatWebServer  : Tomcat started on port(s): 80 (http) with context path ''
2022-07-11 11:57:55.817  INFO 7592 --- [main] c.h.g.GatheringProjectApplication        : Started GatheringProjectApplication in 2.831 seconds (JVM running for 3.758)
2022-07-11 11:59:33.535  INFO 7592 --- [http-nio-80-exec-1] o.a.c.c.C.[Tomcat].[localhost].[/]       : Initializing Spring DispatcherServlet 'dispatcherServlet'
2022-07-11 11:59:33.536  INFO 7592 --- [http-nio-80-exec-1] o.s.web.servlet.DispatcherServlet        : Initializing Servlet 'dispatcherServlet'
2022-07-11 11:59:33.538  INFO 7592 --- [http-nio-80-exec-1] o.s.web.servlet.DispatcherServlet        : Completed initialization in 2 ms
2022-07-11 11:59:33.565  WARN 7592 --- [http-nio-80-exec-1] c.h.g.i.RefreshTokenInterceptor          : ------------RefreshTokenInterceptor------------
2022-07-11 11:59:33.843  WARN 7592 --- [http-nio-80-exec-1] o.a.c.util.SessionIdGeneratorBase        : Creation of SecureRandom instance for session ID generation using [SHA1PRNG] took [256] milliseconds.
2022-07-11 11:59:33.858  WARN 7592 --- [http-nio-80-exec-1] c.h.g.service.impl.UserServiceImpl       : 12345678901
2022-07-11 11:59:46.678  WARN 7592 --- [http-nio-80-exec-2] c.h.g.i.RefreshTokenInterceptor          : ------------RefreshTokenInterceptor------------
2022-07-11 11:59:47.331  WARN 7592 --- [http-nio-80-exec-2] c.h.g.service.impl.UserServiceImpl       : 发送短信验证成功,验证码239203
2022-07-11 12:00:02.684  WARN 7592 --- [http-nio-80-exec-3] c.h.g.i.RefreshTokenInterceptor          : ------------RefreshTokenInterceptor------------
2022-07-11 12:00:02.718  WARN 7592 --- [http-nio-80-exec-3] c.h.g.service.impl.UserServiceImpl       : 239203
2022-07-11 12:00:19.938  WARN 7592 --- [http-nio-80-exec-6] c.h.g.i.RefreshTokenInterceptor          : ------------RefreshTokenInterceptor------------
